Using pre-set license
Built from '2020.3/staging' branch; Version is '2020.3.17f1 (a4537701e4ab) revision 10769271'; Using compiler version '192528614'; Build Type 'Release'
OS: 'Windows 10 Home; OS build 19044.1586; Version 2009; 64bit' Language: 'en' Physical Memory: 16147 MB
BatchMode: 1, IsHumanControllingUs: 0, StartBugReporterOnCrash: 0, Is64bit: 1, IsPro: 0

COMMAND LINE ARGUMENTS:
C:\Program Files\Unity\Hub\Editor\2020.3.17f1\Editor\Unity.exe
-adb2
-batchMode
-noUpm
-name
AssetImportWorker0
-projectPath
C:/Users/Ivar/OneDrive/Documents/GitHub/GimmQuests/gimmStudio
-logFile
Logs/AssetImportWorker0.log
-srvPort
61508
Successfully changed project path to: C:/Users/Ivar/OneDrive/Documents/GitHub/GimmQuests/gimmStudio
C:/Users/Ivar/OneDrive/Documents/GitHub/GimmQuests/gimmStudio
Using Asset Import Pipeline V2.
Refreshing native plugins compatible for Editor in 42.17 ms, found 7 plugins.
Preloading 0 native plugins for Editor in 0.00 ms.
Initialize engine version: 2020.3.17f1 (a4537701e4ab)
[Subsystems] Discovering subsystems at path C:/Program Files/Unity/Hub/Editor/2020.3.17f1/Editor/Data/Resources/UnitySubsystems
[Subsystems] Discovering subsystems at path C:/Users/Ivar/OneDrive/Documents/GitHub/GimmQuests/gimmStudio/Assets
GfxDevice: creating device client; threaded=0
Direct3D:
    Version:  Direct3D 11.0 [level 11.1]
    Renderer: NVIDIA GeForce RTX 3060 Laptop GPU (ID=0x2520)
    Vendor:   
    VRAM:     6023 MB
    Driver:   30.0.15.1179
Initialize mono
Mono path[0] = 'C:/Program Files/Unity/Hub/Editor/2020.3.17f1/Editor/Data/Managed'
Mono path[1] = 'C:/Program Files/Unity/Hub/Editor/2020.3.17f1/Editor/Data/MonoBleedingEdge/lib/mono/unityjit'
Mono config path = 'C:/Program Files/Unity/Hub/Editor/2020.3.17f1/Editor/Data/MonoBleedingEdge/etc'
Using monoOptions --debugger-agent=transport=dt_socket,embedding=1,server=y,suspend=n,address=127.0.0.1:56120
Begin MonoManager ReloadAssembly
Registering precompiled unity dll's ...
Register platform support module: C:/Program Files/Unity/Hub/Editor/2020.3.17f1/Editor/Data/PlaybackEngines/WebGLSupport/UnityEditor.WebGL.Extensions.dll
Register platform support module: C:/Program Files/Unity/Hub/Editor/2020.3.17f1/Editor/Data/PlaybackEngines/MacStandaloneSupport/UnityEditor.OSXStandalone.Extensions.dll
Register platform support module: C:/Program Files/Unity/Hub/Editor/2020.3.17f1/Editor/Data/PlaybackEngines/WindowsStandaloneSupport/UnityEditor.WindowsStandalone.Extensions.dll
Registered in 0.001988 seconds.
Native extension for WindowsStandalone target not found
Native extension for OSXStandalone target not found
Native extension for WebGL target not found
Refreshing native plugins compatible for Editor in 41.82 ms, found 7 plugins.
Preloading 0 native plugins for Editor in 0.00 ms.
Mono: successfully reloaded assembly
- Completed reload, in  0.912 seconds
Domain Reload Profiling:
	ReloadAssembly (912ms)
		BeginReloadAssembly (42ms)
			ExecutionOrderSort (0ms)
			DisableScriptedObjects (0ms)
			BackupInstance (0ms)
			ReleaseScriptingObjects (0ms)
			CreateAndSetChildDomain (1ms)
		EndReloadAssembly (331ms)
			LoadAssemblies (42ms)
			RebuildTransferFunctionScriptingTraits (0ms)
			SetupTypeCache (115ms)
			ReleaseScriptCaches (0ms)
			RebuildScriptCaches (23ms)
			SetupLoadedEditorAssemblies (136ms)
				LogAssemblyErrors (0ms)
				InitializePlatformSupportModulesInManaged (5ms)
				SetLoadedEditorAssemblies (0ms)
				RefreshPlugins (42ms)
				BeforeProcessingInitializeOnLoad (6ms)
				ProcessInitializeOnLoadAttributes (62ms)
				ProcessInitializeOnLoadMethodAttributes (21ms)
				AfterProcessingInitializeOnLoad (0ms)
				EditorAssembliesLoaded (0ms)
			ExecutionOrderSort2 (0ms)
			AwakeInstancesAfterBackupRestoration (0ms)
Platform modules already initialized, skipping
Registering precompiled user dll's ...
Registered in 0.008237 seconds.
Begin MonoManager ReloadAssembly
Native extension for WindowsStandalone target not found
Native extension for OSXStandalone target not found
Native extension for WebGL target not found
Refreshing native plugins compatible for Editor in 32.81 ms, found 7 plugins.
Preloading 0 native plugins for Editor in 0.00 ms.
Mono: successfully reloaded assembly
- Completed reload, in  0.944 seconds
Domain Reload Profiling:
	ReloadAssembly (945ms)
		BeginReloadAssembly (117ms)
			ExecutionOrderSort (0ms)
			DisableScriptedObjects (3ms)
			BackupInstance (0ms)
			ReleaseScriptingObjects (0ms)
			CreateAndSetChildDomain (14ms)
		EndReloadAssembly (783ms)
			LoadAssemblies (80ms)
			RebuildTransferFunctionScriptingTraits (0ms)
			SetupTypeCache (210ms)
			ReleaseScriptCaches (0ms)
			RebuildScriptCaches (38ms)
			SetupLoadedEditorAssemblies (340ms)
				LogAssemblyErrors (0ms)
				InitializePlatformSupportModulesInManaged (5ms)
				SetLoadedEditorAssemblies (0ms)
				RefreshPlugins (33ms)
				BeforeProcessingInitializeOnLoad (55ms)
				ProcessInitializeOnLoadAttributes (238ms)
				ProcessInitializeOnLoadMethodAttributes (4ms)
				AfterProcessingInitializeOnLoad (5ms)
				EditorAssembliesLoaded (0ms)
			ExecutionOrderSort2 (0ms)
			AwakeInstancesAfterBackupRestoration (6ms)
Platform modules already initialized, skipping
========================================================================
Worker process is ready to serve import requests
Launched and connected shader compiler UnityShaderCompiler.exe after 0.04 seconds
Refreshing native plugins compatible for Editor in 0.70 ms, found 7 plugins.
Preloading 0 native plugins for Editor in 0.00 ms.
Unloading 2423 Unused Serialized files (Serialized files now loaded: 0)
System memory in use before: 103.6 MB.
System memory in use after: 103.6 MB.

Unloading 45 unused Assets to reduce memory usage. Loaded Objects now: 2894.
Total: 2.669600 ms (FindLiveObjects: 0.179000 ms CreateObjectMapping: 0.050800 ms MarkObjects: 2.377500 ms  DeleteObjects: 0.061600 ms)

AssetImportParameters requested are different than current active one (requested -> active):
  custom:framework-win-MediaFoundation: 216162199b28c13a410421893ffa2e32 -> 
  custom:video-decoder-ogg-theora: a1e56fd34408186e4bbccfd4996cb3dc -> 
  custom:container-muxer-webm: aa71ff27fc2769a1b78a27578f13a17b -> 
  custom:container-demuxer-webm: 4f35f7cbe854078d1ac9338744f61a02 -> 
  custom:container-demuxer-ogg: 62fdf1f143b41e24485cea50d1cbac27 -> 
  custom:video-encoder-webm-vp8: eb34c28f22e8b96e1ab97ce403110664 -> 
  custom:video-decoder-webm-vp8: 9c59270c3fd7afecdb556c50c9e8de78 -> 
  custom:audio-decoder-ogg-vorbis: bf7c407c2cedff20999df2af8eb42d56 -> 
  custom:audio-encoder-webm-vorbis: bf7c407c2cedff20999df2af8eb42d56 -> 
========================================================================
Received Import Request.
  path: Assets/Arcade.fbx
  artifactKey: Guid(cbbef570e893c5a438f9dfb863af782f) Importer(815301076,1909f56bfc062723c751e8b465ee728b)
Start importing Assets/Arcade.fbx using Guid(cbbef570e893c5a438f9dfb863af782f) Importer(815301076,1909f56bfc062723c751e8b465ee728b)  -> (artifact id: 'be063a72aa15652254a233e464340a0d') in 0.680478 seconds 
  Import took 0.684415 seconds .

========================================================================
Received Import Request.
  Time since last request: 53.893587 seconds.
  path: Packages/com.unity.ext.nunit
  artifactKey: Guid(25a477c2f24db8778a4179421a32cc21) Importer(815301076,1909f56bfc062723c751e8b465ee728b)
Start importing Packages/com.unity.ext.nunit using Guid(25a477c2f24db8778a4179421a32cc21) Importer(815301076,1909f56bfc062723c751e8b465ee728b)  -> (artifact id: 'de8b3f671dc9f0a57b867a67d4aae8de') in 0.005216 seconds 
  Import took 0.008616 seconds .

========================================================================
Received Import Request.
  Time since last request: 0.005451 seconds.
  path: Packages/com.unity.ext.nunit
  artifactKey: Guid(25a477c2f24db8778a4179421a32cc21) Importer(815301076,1909f56bfc062723c751e8b465ee728b)
Start importing Packages/com.unity.ext.nunit using Guid(25a477c2f24db8778a4179421a32cc21) Importer(815301076,1909f56bfc062723c751e8b465ee728b)  -> (artifact id: 'de8b3f671dc9f0a57b867a67d4aae8de') in 0.002162 seconds 
  Import took 0.005271 seconds .

========================================================================
Received Import Request.
  Time since last request: 0.919418 seconds.
  path: Packages/com.unity.ext.nunit/package.json
  artifactKey: Guid(8143d3a8390f2c64685e3bc272bd9e90) Importer(815301076,1909f56bfc062723c751e8b465ee728b)
Start importing Packages/com.unity.ext.nunit/package.json using Guid(8143d3a8390f2c64685e3bc272bd9e90) Importer(815301076,1909f56bfc062723c751e8b465ee728b)  -> (artifact id: '36f449bd9ed4a92e06d659da724da745') in 0.008330 seconds 
  Import took 0.011705 seconds .

========================================================================
Received Import Request.
  Time since last request: 13.510032 seconds.
  path: Assets/Materials/blueTest.mat
  artifactKey: Guid(1590eb5ef392fa6488536fce13dba8c5) Importer(815301076,1909f56bfc062723c751e8b465ee728b)
Start importing Assets/Materials/blueTest.mat using Guid(1590eb5ef392fa6488536fce13dba8c5) Importer(815301076,1909f56bfc062723c751e8b465ee728b)  -> (artifact id: '3f537b939d78737bbeb375a228fe4f58') in 0.013260 seconds 
  Import took 0.016710 seconds .

========================================================================
Received Import Request.
  Time since last request: 0.000141 seconds.
  path: Assets/Materials/New Material.mat
  artifactKey: Guid(ef1b8848c1ffc9b47beaa87a3482e5f1) Importer(815301076,1909f56bfc062723c751e8b465ee728b)
Start importing Assets/Materials/New Material.mat using Guid(ef1b8848c1ffc9b47beaa87a3482e5f1) Importer(815301076,1909f56bfc062723c751e8b465ee728b)  -> (artifact id: '1cc0f91e6c62877c520e694d94992032') in 0.011235 seconds 
  Import took 0.014493 seconds .

========================================================================
Received Import Request.
  Time since last request: 0.000192 seconds.
  path: Assets/Materials/mat_playerObject.mat
  artifactKey: Guid(99a57de8423c6014299de53a52e9bfa5) Importer(815301076,1909f56bfc062723c751e8b465ee728b)
Start importing Assets/Materials/mat_playerObject.mat using Guid(99a57de8423c6014299de53a52e9bfa5) Importer(815301076,1909f56bfc062723c751e8b465ee728b)  -> (artifact id: 'bf43cf1b164f994b5b1330114a255aaf') in 0.010426 seconds 
  Import took 0.013796 seconds .

========================================================================
Received Import Request.
  Time since last request: 0.000212 seconds.
  path: Assets/Materials/mat_robotObject.mat
  artifactKey: Guid(bd4284eb239a90249adc3e223891baa3) Importer(815301076,1909f56bfc062723c751e8b465ee728b)
Start importing Assets/Materials/mat_robotObject.mat using Guid(bd4284eb239a90249adc3e223891baa3) Importer(815301076,1909f56bfc062723c751e8b465ee728b)  -> (artifact id: 'd2a4564326539d99a1fa350c4a4c3874') in 0.011979 seconds 
  Import took 0.015287 seconds .

========================================================================
Received Import Request.
  Time since last request: 0.000198 seconds.
  path: Assets/Materials/redtest.mat
  artifactKey: Guid(45f5eb0585a59c04394e88e95e17be86) Importer(815301076,1909f56bfc062723c751e8b465ee728b)
Start importing Assets/Materials/redtest.mat using Guid(45f5eb0585a59c04394e88e95e17be86) Importer(815301076,1909f56bfc062723c751e8b465ee728b)  -> (artifact id: '7e571d55a0aad2945cd728b6da4e0674') in 0.009555 seconds 
  Import took 0.012948 seconds .

========================================================================
Received Import Request.
  Time since last request: 0.000200 seconds.
  path: Assets/Materials/blueTest.mat
  artifactKey: Guid(1590eb5ef392fa6488536fce13dba8c5) Importer(815301076,1909f56bfc062723c751e8b465ee728b)
Start importing Assets/Materials/blueTest.mat using Guid(1590eb5ef392fa6488536fce13dba8c5) Importer(815301076,1909f56bfc062723c751e8b465ee728b)  -> (artifact id: '3f537b939d78737bbeb375a228fe4f58') in 0.014174 seconds 
  Import took 0.017450 seconds .

========================================================================
Received Import Request.
  Time since last request: 0.000206 seconds.
  path: Assets/Materials/greenTest.mat
  artifactKey: Guid(4d495327ed2fde14b9550d4b34551921) Importer(815301076,1909f56bfc062723c751e8b465ee728b)
Start importing Assets/Materials/greenTest.mat using Guid(4d495327ed2fde14b9550d4b34551921) Importer(815301076,1909f56bfc062723c751e8b465ee728b)  -> (artifact id: '8bafbafb1a0506482e0ae4f3b1e0ff2f') in 0.010347 seconds 
  Import took 0.013593 seconds .

========================================================================
Received Import Request.
  Time since last request: 9.616139 seconds.
  path: Assets/Prefabs/button.fbx
  artifactKey: Guid(9ce4c0a5e9fccd44889fb242c23fe25a) Importer(815301076,1909f56bfc062723c751e8b465ee728b)
Start importing Assets/Prefabs/button.fbx using Guid(9ce4c0a5e9fccd44889fb242c23fe25a) Importer(815301076,1909f56bfc062723c751e8b465ee728b)  -> (artifact id: 'cadc5eda2fddb40e882e4cc95337c7d0') in 0.017312 seconds 
  Import took 0.020676 seconds .

========================================================================
Received Import Request.
  Time since last request: 0.000161 seconds.
  path: Assets/Prefabs/buttonbase_Blue.prefab
  artifactKey: Guid(27a1efd4d8c0e9d48aed82e1fa12b413) Importer(815301076,1909f56bfc062723c751e8b465ee728b)
Start importing Assets/Prefabs/buttonbase_Blue.prefab using Guid(27a1efd4d8c0e9d48aed82e1fa12b413) Importer(815301076,1909f56bfc062723c751e8b465ee728b)  -> (artifact id: '012ea28d1b16773ff5b8d45c88569a44') in 0.191497 seconds 
  Import took 0.194826 seconds .

========================================================================
Received Import Request.
  Time since last request: 0.000251 seconds.
  path: Assets/Prefabs/trumpet.fbx
  artifactKey: Guid(1c7800c553676064ba53781a6ab9f050) Importer(815301076,1909f56bfc062723c751e8b465ee728b)
Start importing Assets/Prefabs/trumpet.fbx using Guid(1c7800c553676064ba53781a6ab9f050) Importer(815301076,1909f56bfc062723c751e8b465ee728b)  -> (artifact id: '31351c98aaafc25944a1bc8945ebd706') in 0.018978 seconds 
  Import took 0.022125 seconds .

========================================================================
Received Import Request.
  Time since last request: 0.000194 seconds.
  path: Assets/Prefabs/fedora.fbx
  artifactKey: Guid(39e176c8b2260ac47b24d5f10e40b4a2) Importer(815301076,1909f56bfc062723c751e8b465ee728b)
Start importing Assets/Prefabs/fedora.fbx using Guid(39e176c8b2260ac47b24d5f10e40b4a2) Importer(815301076,1909f56bfc062723c751e8b465ee728b)  -> (artifact id: 'e150e516918944de28b7f17380d7d953') in 0.025856 seconds 
  Import took 0.029057 seconds .

========================================================================
Received Import Request.
  Time since last request: 0.000202 seconds.
  path: Assets/Prefabs/buttonbase_ Yellow.prefab
  artifactKey: Guid(47d812d29ea55ed48981476a68ebfbc4) Importer(815301076,1909f56bfc062723c751e8b465ee728b)
Start importing Assets/Prefabs/buttonbase_ Yellow.prefab using Guid(47d812d29ea55ed48981476a68ebfbc4) Importer(815301076,1909f56bfc062723c751e8b465ee728b)  -> (artifact id: 'c26b85623b73a522b11c3362dc42d5e7') in 0.021902 seconds 
  Import took 0.025334 seconds .

========================================================================
Received Import Request.
  Time since last request: 0.000168 seconds.
  path: Assets/Prefabs/floppydisk.fbx
  artifactKey: Guid(4567cf61edb265a43ab63fba3b8a4728) Importer(815301076,1909f56bfc062723c751e8b465ee728b)
Start importing Assets/Prefabs/floppydisk.fbx using Guid(4567cf61edb265a43ab63fba3b8a4728) Importer(815301076,1909f56bfc062723c751e8b465ee728b)  -> (artifact id: '22f8bf701769e2d95f16c88f22276912') in 0.043449 seconds 
  Import took 0.046789 seconds .

========================================================================
Received Import Request.
  Time since last request: 0.000205 seconds.
  path: Assets/Prefabs/record.fbx
  artifactKey: Guid(19d0cf42502fd9344bf516fe40e9c519) Importer(815301076,1909f56bfc062723c751e8b465ee728b)
Start importing Assets/Prefabs/record.fbx using Guid(19d0cf42502fd9344bf516fe40e9c519) Importer(815301076,1909f56bfc062723c751e8b465ee728b)  -> (artifact id: 'e264336e48a3df0c8157cd426af646c7') in 0.017087 seconds 
  Import took 0.020352 seconds .

========================================================================
Received Import Request.
  Time since last request: 0.000171 seconds.
  path: Assets/Prefabs/buttonbase.fbx
  artifactKey: Guid(1bd7a833352102f46a6615334849b17c) Importer(815301076,1909f56bfc062723c751e8b465ee728b)
Start importing Assets/Prefabs/buttonbase.fbx using Guid(1bd7a833352102f46a6615334849b17c) Importer(815301076,1909f56bfc062723c751e8b465ee728b)  -> (artifact id: '10f5f9a2c517f7794297bb154bb8a8f7') in 0.025629 seconds 
  Import took 0.028935 seconds .

========================================================================
Received Import Request.
  Time since last request: 0.000196 seconds.
  path: Assets/Prefabs/buttonbase_ Red.prefab
  artifactKey: Guid(c9bdec13b964c8d46995277d2f46547b) Importer(815301076,1909f56bfc062723c751e8b465ee728b)
Start importing Assets/Prefabs/buttonbase_ Red.prefab using Guid(c9bdec13b964c8d46995277d2f46547b) Importer(815301076,1909f56bfc062723c751e8b465ee728b)  -> (artifact id: 'f559ba926ad444e1a3f1a61398e33a5e') in 0.021117 seconds 
  Import took 0.024508 seconds .

========================================================================
Received Import Request.
  Time since last request: 0.010404 seconds.
  path: Assets/Prefabs/buttonbase_ Red.prefab
  artifactKey: Guid(c9bdec13b964c8d46995277d2f46547b) Importer(815301076,1909f56bfc062723c751e8b465ee728b)
Start importing Assets/Prefabs/buttonbase_ Red.prefab using Guid(c9bdec13b964c8d46995277d2f46547b) Importer(815301076,1909f56bfc062723c751e8b465ee728b)  -> (artifact id: 'f559ba926ad444e1a3f1a61398e33a5e') in 0.016358 seconds 
  Import took 0.020469 seconds .

========================================================================
Received Import Request.
  Time since last request: 81.709826 seconds.
  path: Assets/Materials/Fedora
  artifactKey: Guid(f7f5af24efdcd2241b51c48b1d3cf26f) Importer(815301076,1909f56bfc062723c751e8b465ee728b)
Start importing Assets/Materials/Fedora using Guid(f7f5af24efdcd2241b51c48b1d3cf26f) Importer(815301076,1909f56bfc062723c751e8b465ee728b)  -> (artifact id: '0a96c39b8b4f45f971e3047fb4a08a43') in 0.004935 seconds 
  Import took 0.009216 seconds .

========================================================================
Received Import Request.
  Time since last request: 0.000856 seconds.
  path: Assets/Materials/Fedora
  artifactKey: Guid(f7f5af24efdcd2241b51c48b1d3cf26f) Importer(815301076,1909f56bfc062723c751e8b465ee728b)
Start importing Assets/Materials/Fedora using Guid(f7f5af24efdcd2241b51c48b1d3cf26f) Importer(815301076,1909f56bfc062723c751e8b465ee728b)  -> (artifact id: '0a96c39b8b4f45f971e3047fb4a08a43') in 0.001717 seconds 
  Import took 0.005059 seconds .

========================================================================
Received Import Request.
  Time since last request: 0.076143 seconds.
  path: Assets/Materials/Fedora/Fedora.mat
  artifactKey: Guid(51219128e473274458a61373356b19fe) Importer(815301076,1909f56bfc062723c751e8b465ee728b)
Start importing Assets/Materials/Fedora/Fedora.mat using Guid(51219128e473274458a61373356b19fe) Importer(815301076,1909f56bfc062723c751e8b465ee728b)  -> (artifact id: '2972f8e90c59230853fc6d35f68de444') in 0.014410 seconds 
  Import took 0.017983 seconds .

========================================================================
Received Import Request.
  Time since last request: 0.000219 seconds.
  path: Assets/Materials/Fedora/lambert1_Normal.png
  artifactKey: Guid(85a2398a328e7c14388fdee60be5837a) Importer(815301076,1909f56bfc062723c751e8b465ee728b)
Start importing Assets/Materials/Fedora/lambert1_Normal.png using Guid(85a2398a328e7c14388fdee60be5837a) Importer(815301076,1909f56bfc062723c751e8b465ee728b)  -> (artifact id: '59af02a78230a09106f67d39e4db2e30') in 0.021996 seconds 
  Import took 0.025221 seconds .

========================================================================
Received Import Request.
  Time since last request: 0.000199 seconds.
  path: Assets/Materials/Fedora/lambert1_Metallic.png
  artifactKey: Guid(bcf694443bf6dee4ab0d2aad926125c3) Importer(815301076,1909f56bfc062723c751e8b465ee728b)
Start importing Assets/Materials/Fedora/lambert1_Metallic.png using Guid(bcf694443bf6dee4ab0d2aad926125c3) Importer(815301076,1909f56bfc062723c751e8b465ee728b)  -> (artifact id: '4b0add6eaaf5d21f59fee44e4a343020') in 0.011441 seconds 
  Import took 0.015015 seconds .

========================================================================
Received Import Request.
  Time since last request: 0.000188 seconds.
  path: Assets/Materials/Fedora/lambert1_Height.png
  artifactKey: Guid(9a26a765e55d23042a857b3c752cf151) Importer(815301076,1909f56bfc062723c751e8b465ee728b)
Start importing Assets/Materials/Fedora/lambert1_Height.png using Guid(9a26a765e55d23042a857b3c752cf151) Importer(815301076,1909f56bfc062723c751e8b465ee728b)  -> (artifact id: '0299d966b84450d5e5200f4624d0be12') in 0.010716 seconds 
  Import took 0.014195 seconds .

========================================================================
Received Import Request.
  Time since last request: 0.000175 seconds.
  path: Assets/Materials/Fedora/lambert1_Roughness.png
  artifactKey: Guid(f346891ffbbfab44b8e912a2579eec7b) Importer(815301076,1909f56bfc062723c751e8b465ee728b)
Start importing Assets/Materials/Fedora/lambert1_Roughness.png using Guid(f346891ffbbfab44b8e912a2579eec7b) Importer(815301076,1909f56bfc062723c751e8b465ee728b)  -> (artifact id: '16919807be22cb0fc6c24e8fb4657d12') in 0.009898 seconds 
  Import took 0.013318 seconds .

========================================================================
Received Import Request.
  Time since last request: 0.000197 seconds.
  path: Assets/Materials/Fedora/lambert1_Base_color.png
  artifactKey: Guid(5a69e8ae5c0a24140bf78d3726898976) Importer(815301076,1909f56bfc062723c751e8b465ee728b)
Start importing Assets/Materials/Fedora/lambert1_Base_color.png using Guid(5a69e8ae5c0a24140bf78d3726898976) Importer(815301076,1909f56bfc062723c751e8b465ee728b)  -> (artifact id: '1da9d298b3effc528852ca3b915cc082') in 0.011212 seconds 
  Import took 0.014665 seconds .

========================================================================
Received Import Request.
  Time since last request: 0.000203 seconds.
  path: Assets/Materials/Fedora/lambert1_Normal_OpenGL.png
  artifactKey: Guid(da74fe20e22735e43a52c0b2f7dfc484) Importer(815301076,1909f56bfc062723c751e8b465ee728b)
Start importing Assets/Materials/Fedora/lambert1_Normal_OpenGL.png using Guid(da74fe20e22735e43a52c0b2f7dfc484) Importer(815301076,1909f56bfc062723c751e8b465ee728b)  -> (artifact id: '7a61306ae42a3c378b78fe9998b02af1') in 0.013100 seconds 
  Import took 0.016653 seconds .

========================================================================
Received Import Request.
  Time since last request: 0.000181 seconds.
  path: Assets/Materials/Fedora/lambert1_Height.png
  artifactKey: Guid(9a26a765e55d23042a857b3c752cf151) Importer(815301076,1909f56bfc062723c751e8b465ee728b)
Start importing Assets/Materials/Fedora/lambert1_Height.png using Guid(9a26a765e55d23042a857b3c752cf151) Importer(815301076,1909f56bfc062723c751e8b465ee728b)  -> (artifact id: '0299d966b84450d5e5200f4624d0be12') in 0.006348 seconds 
  Import took 0.009410 seconds .

========================================================================
Received Import Request.
  Time since last request: 0.005925 seconds.
  path: Assets/Materials/Fedora/lambert1_Normal_OpenGL.png
  artifactKey: Guid(da74fe20e22735e43a52c0b2f7dfc484) Importer(815301076,1909f56bfc062723c751e8b465ee728b)
Start importing Assets/Materials/Fedora/lambert1_Normal_OpenGL.png using Guid(da74fe20e22735e43a52c0b2f7dfc484) Importer(815301076,1909f56bfc062723c751e8b465ee728b)  -> (artifact id: '7a61306ae42a3c378b78fe9998b02af1') in 0.014573 seconds 
  Import took 0.018133 seconds .

========================================================================
Received Import Request.
  Time since last request: 9.874603 seconds.
  path: Assets/Prefabs/fedora.prefab
  artifactKey: Guid(7d179da617b554243bd4b39ee669bcce) Importer(815301076,1909f56bfc062723c751e8b465ee728b)
Start importing Assets/Prefabs/fedora.prefab using Guid(7d179da617b554243bd4b39ee669bcce) Importer(815301076,1909f56bfc062723c751e8b465ee728b)  -> (artifact id: '025e33f04a36473cddd23d4f1cbcb0b1') in 0.015546 seconds 
  Import took 0.019145 seconds .

========================================================================
Received Import Request.
  Time since last request: 0.007925 seconds.
  path: Assets/Prefabs/fedora.prefab
  artifactKey: Guid(7d179da617b554243bd4b39ee669bcce) Importer(815301076,1909f56bfc062723c751e8b465ee728b)
Start importing Assets/Prefabs/fedora.prefab using Guid(7d179da617b554243bd4b39ee669bcce) Importer(815301076,1909f56bfc062723c751e8b465ee728b)  -> (artifact id: '025e33f04a36473cddd23d4f1cbcb0b1') in 0.012827 seconds 
  Import took 0.016600 seconds .

========================================================================
Received Import Request.
  Time since last request: 29.613297 seconds.
  path: Assets/Photon/PhotonUnityNetworking/Demos/DemoSlotRacer/Kenney Assets/Stylized city/Materials/11 - Default.mat
  artifactKey: Guid(b7d67d7d7ddb88542b23886a4b496c77) Importer(815301076,1909f56bfc062723c751e8b465ee728b)
Start importing Assets/Photon/PhotonUnityNetworking/Demos/DemoSlotRacer/Kenney Assets/Stylized city/Materials/11 - Default.mat using Guid(b7d67d7d7ddb88542b23886a4b496c77) Importer(815301076,1909f56bfc062723c751e8b465ee728b)  -> (artifact id: 'e0951d45975ba48a159d6b94ad72bc15') in 0.010969 seconds 
  Import took 0.014679 seconds .

========================================================================
Received Import Request.
  Time since last request: 0.000161 seconds.
  path: Assets/Photon/PhotonUnityNetworking/Demos/DemoSlotRacer/Kenney Assets/Stylized city/Materials/car.mat
  artifactKey: Guid(c282d31bf082fca4a822239b62ff8257) Importer(815301076,1909f56bfc062723c751e8b465ee728b)
Start importing Assets/Photon/PhotonUnityNetworking/Demos/DemoSlotRacer/Kenney Assets/Stylized city/Materials/car.mat using Guid(c282d31bf082fca4a822239b62ff8257) Importer(815301076,1909f56bfc062723c751e8b465ee728b)  -> (artifact id: '22ff10aa345060debf4b58ea5261c2ce') in 0.009216 seconds 
  Import took 0.012375 seconds .

========================================================================
Received Import Request.
  Time since last request: 0.000186 seconds.
  path: Assets/FirstPersion AIO Pack/DemoScene/Working Materials/Bumped Glass.mat
  artifactKey: Guid(35d6c806e68d98e4da7739c9d408c988) Importer(815301076,1909f56bfc062723c751e8b465ee728b)
Start importing Assets/FirstPersion AIO Pack/DemoScene/Working Materials/Bumped Glass.mat using Guid(35d6c806e68d98e4da7739c9d408c988) Importer(815301076,1909f56bfc062723c751e8b465ee728b)  -> (artifact id: 'ba53505a9746f936b4df2baed592882a') in 0.011491 seconds 
  Import took 0.014811 seconds .

========================================================================
Received Import Request.
  Time since last request: 0.000194 seconds.
  path: Assets/Photon/PhotonUnityNetworking/Demos/DemoSlotRacer/Kenney Assets/Stylized city/Materials/11 - Default.mat
  artifactKey: Guid(b7d67d7d7ddb88542b23886a4b496c77) Importer(815301076,1909f56bfc062723c751e8b465ee728b)
Start importing Assets/Photon/PhotonUnityNetworking/Demos/DemoSlotRacer/Kenney Assets/Stylized city/Materials/11 - Default.mat using Guid(b7d67d7d7ddb88542b23886a4b496c77) Importer(815301076,1909f56bfc062723c751e8b465ee728b)  -> (artifact id: 'e0951d45975ba48a159d6b94ad72bc15') in 0.009068 seconds 
  Import took 0.012329 seconds .

========================================================================
Received Import Request.
  Time since last request: 0.000271 seconds.
  path: Assets/FirstPersion AIO Pack/DemoScene/Working Materials/DaySky.mat
  artifactKey: Guid(b9a237f5accb07f4db4c0b723aed05cf) Importer(815301076,1909f56bfc062723c751e8b465ee728b)
Start importing Assets/FirstPersion AIO Pack/DemoScene/Working Materials/DaySky.mat using Guid(b9a237f5accb07f4db4c0b723aed05cf) Importer(815301076,1909f56bfc062723c751e8b465ee728b)  -> (artifact id: 'e88b79406e0aad3cdd36661e70c60e42') in 0.120834 seconds 
  Import took 0.124256 seconds .

========================================================================
Received Import Request.
  Time since last request: 0.000180 seconds.
  path: Assets/Materials/Button/blue/blueButton.mat
  artifactKey: Guid(0289a100f39d9b84b97139ee2c245f7d) Importer(815301076,1909f56bfc062723c751e8b465ee728b)
Start importing Assets/Materials/Button/blue/blueButton.mat using Guid(0289a100f39d9b84b97139ee2c245f7d) Importer(815301076,1909f56bfc062723c751e8b465ee728b)  -> (artifact id: 'b8503454ef4eb8d6e98f3dd56b977ea6') in 0.012056 seconds 
  Import took 0.015329 seconds .

========================================================================
Received Import Request.
  Time since last request: 0.000173 seconds.
  path: Assets/Photon/PhotonUnityNetworking/Demos/DemoAsteroids/Models/Materials/Asteroid.mat
  artifactKey: Guid(be2c382f522695c4fa3947ac8e1d4457) Importer(815301076,1909f56bfc062723c751e8b465ee728b)
Start importing Assets/Photon/PhotonUnityNetworking/Demos/DemoAsteroids/Models/Materials/Asteroid.mat using Guid(be2c382f522695c4fa3947ac8e1d4457) Importer(815301076,1909f56bfc062723c751e8b465ee728b)  -> (artifact id: '16a380417f0fec8ddb77d9709d38e44a') in 0.009599 seconds 
  Import took 0.012828 seconds .

========================================================================
Received Import Request.
  Time since last request: 0.000190 seconds.
  path: Assets/Photon/PhotonUnityNetworking/Demos/DemoSlotRacer/Kenney Assets/Racing Kit/Models/Materials/_defaultMat.mat
  artifactKey: Guid(f0a6a86e908f6204ab518387a784ed36) Importer(815301076,1909f56bfc062723c751e8b465ee728b)
Start importing Assets/Photon/PhotonUnityNetworking/Demos/DemoSlotRacer/Kenney Assets/Racing Kit/Models/Materials/_defaultMat.mat using Guid(f0a6a86e908f6204ab518387a784ed36) Importer(815301076,1909f56bfc062723c751e8b465ee728b)  -> (artifact id: 'd2b0471a3966fb321a2fc63e0a897fca') in 0.010561 seconds 
  Import took 0.013934 seconds .

========================================================================
Received Import Request.
  Time since last request: 0.000230 seconds.
  path: Assets/FirstPersion AIO Pack/DemoScene/Working Materials/Carpet.mat
  artifactKey: Guid(43f9416cd9a45ff448d756279c28d117) Importer(815301076,1909f56bfc062723c751e8b465ee728b)
Start importing Assets/FirstPersion AIO Pack/DemoScene/Working Materials/Carpet.mat using Guid(43f9416cd9a45ff448d756279c28d117) Importer(815301076,1909f56bfc062723c751e8b465ee728b)  -> (artifact id: '3a58c9107f4105e10910d28ad677d0e4') in 0.197065 seconds 
  Import took 0.200557 seconds .

========================================================================
Received Import Request.
  Time since last request: 0.000194 seconds.
  path: Assets/FirstPersion AIO Pack/DemoScene/Working Materials/Drywall.mat
  artifactKey: Guid(436100cab221ef54b89122cb9ceb3bd8) Importer(815301076,1909f56bfc062723c751e8b465ee728b)
Start importing Assets/FirstPersion AIO Pack/DemoScene/Working Materials/Drywall.mat using Guid(436100cab221ef54b89122cb9ceb3bd8) Importer(815301076,1909f56bfc062723c751e8b465ee728b)  -> (artifact id: '383a011bf94e5226934c764072b952db') in 0.009295 seconds 
  Import took 0.012676 seconds .

========================================================================
Received Import Request.
  Time since last request: 0.000272 seconds.
  path: Assets/Photon/PhotonUnityNetworking/Demos/DemoSlotRacer/Kenney Assets/Stylized city/Materials/13 - Default22662.mat
  artifactKey: Guid(7d91274cc4a876a439f75445704f421b) Importer(815301076,1909f56bfc062723c751e8b465ee728b)
Start importing Assets/Photon/PhotonUnityNetworking/Demos/DemoSlotRacer/Kenney Assets/Stylized city/Materials/13 - Default22662.mat using Guid(7d91274cc4a876a439f75445704f421b) Importer(815301076,1909f56bfc062723c751e8b465ee728b)  -> (artifact id: '7976eef1a2e0404489d76897748992d3') in 0.009535 seconds 
  Import took 0.012940 seconds .

========================================================================
Received Import Request.
  Time since last request: 0.000192 seconds.
  path: Assets/FirstPersion AIO Pack/DemoScene/Working Materials/Asphalt.mat
  artifactKey: Guid(71f4c1d7946789e40b3c69f2bd6c2019) Importer(815301076,1909f56bfc062723c751e8b465ee728b)
Start importing Assets/FirstPersion AIO Pack/DemoScene/Working Materials/Asphalt.mat using Guid(71f4c1d7946789e40b3c69f2bd6c2019) Importer(815301076,1909f56bfc062723c751e8b465ee728b)  -> (artifact id: 'a7217f61283d58bdc9d9220ec13d9b88') in 0.099975 seconds 
  Import took 0.103383 seconds .

========================================================================
Received Import Request.
  Time since last request: 0.000157 seconds.
  path: Assets/Photon/PhotonUnityNetworking/Demos/DemoSlotRacer/Kenney Assets/Stylized city/Materials/13 - Default54.mat
  artifactKey: Guid(831e4ea6beda02947bdca5aeb8543156) Importer(815301076,1909f56bfc062723c751e8b465ee728b)
Start importing Assets/Photon/PhotonUnityNetworking/Demos/DemoSlotRacer/Kenney Assets/Stylized city/Materials/13 - Default54.mat using Guid(831e4ea6beda02947bdca5aeb8543156) Importer(815301076,1909f56bfc062723c751e8b465ee728b)  -> (artifact id: 'd41e525180b7f88cd43f9e648e4f2390') in 0.009738 seconds 
  Import took 0.013094 seconds .

========================================================================
Received Import Request.
  Time since last request: 0.000203 seconds.
  path: Assets/Photon/PhotonUnityNetworking/Demos/DemoSlotRacer/Kenney Assets/Stylized city/Materials/13 - Default.mat
  artifactKey: Guid(b957742c5b9bfd441b9b330c8b55d0c5) Importer(815301076,1909f56bfc062723c751e8b465ee728b)
Start importing Assets/Photon/PhotonUnityNetworking/Demos/DemoSlotRacer/Kenney Assets/Stylized city/Materials/13 - Default.mat using Guid(b957742c5b9bfd441b9b330c8b55d0c5) Importer(815301076,1909f56bfc062723c751e8b465ee728b)  -> (artifact id: 'dd8e020d6174dbbf17927250b4b11306') in 0.009535 seconds 
  Import took 0.012953 seconds .

========================================================================
Received Import Request.
  Time since last request: 0.000179 seconds.
  path: Assets/Photon/PhotonUnityNetworking/Demos/DemoSlotRacer/Kenney Assets/Stylized city/Materials/20 - Default.mat
  artifactKey: Guid(4e1a4e79a3548164da24123dbb0f3566) Importer(815301076,1909f56bfc062723c751e8b465ee728b)
Start importing Assets/Photon/PhotonUnityNetworking/Demos/DemoSlotRacer/Kenney Assets/Stylized city/Materials/20 - Default.mat using Guid(4e1a4e79a3548164da24123dbb0f3566) Importer(815301076,1909f56bfc062723c751e8b465ee728b)  -> (artifact id: '0247857d06044ab205c9c89b2d5d72f9') in 0.011502 seconds 
  Import took 0.014946 seconds .

========================================================================
Received Import Request.
  Time since last request: 0.000221 seconds.
  path: Assets/Photon/PhotonUnityNetworking/Demos/DemoSlotRacer/Kenney Assets/Stylized city/Materials/24 - Default.mat
  artifactKey: Guid(c14837dfa515883428e5652d93e80c72) Importer(815301076,1909f56bfc062723c751e8b465ee728b)
Start importing Assets/Photon/PhotonUnityNetworking/Demos/DemoSlotRacer/Kenney Assets/Stylized city/Materials/24 - Default.mat using Guid(c14837dfa515883428e5652d93e80c72) Importer(815301076,1909f56bfc062723c751e8b465ee728b)  -> (artifact id: '648e598339e6bf6bef4e5d9cedbb83a4') in 0.009683 seconds 
  Import took 0.012963 seconds .

========================================================================
Received Import Request.
  Time since last request: 0.000192 seconds.
  path: Assets/Photon/PhotonUnityNetworking/Demos/DemoSlotRacer/Kenney Assets/Stylized city/Materials/13 - Default54.mat
  artifactKey: Guid(831e4ea6beda02947bdca5aeb8543156) Importer(815301076,1909f56bfc062723c751e8b465ee728b)
Start importing Assets/Photon/PhotonUnityNetworking/Demos/DemoSlotRacer/Kenney Assets/Stylized city/Materials/13 - Default54.mat using Guid(831e4ea6beda02947bdca5aeb8543156) Importer(815301076,1909f56bfc062723c751e8b465ee728b)  -> (artifact id: 'd41e525180b7f88cd43f9e648e4f2390') in 0.008698 seconds 
  Import took 0.012097 seconds .

========================================================================
Received Import Request.
  Time since last request: 0.000217 seconds.
  path: Assets/Photon/PhotonUnityNetworking/Demos/DemoProcedural/Materials/Black.mat
  artifactKey: Guid(1598ff147655ecb4893e78f88baa9475) Importer(815301076,1909f56bfc062723c751e8b465ee728b)
Start importing Assets/Photon/PhotonUnityNetworking/Demos/DemoProcedural/Materials/Black.mat using Guid(1598ff147655ecb4893e78f88baa9475) Importer(815301076,1909f56bfc062723c751e8b465ee728b)  -> (artifact id: 'b70c2e3bc752ce469d6c08e399d26093') in 0.009648 seconds 
  Import took 0.012813 seconds .

========================================================================
Received Import Request.
  Time since last request: 0.000159 seconds.
  path: Assets/Photon/PhotonUnityNetworking/Demos/DemoSlotRacer/Kenney Assets/Stylized city/Materials/22 - Default.mat
  artifactKey: Guid(86080a783905b5740ad2b81f63a2c650) Importer(815301076,1909f56bfc062723c751e8b465ee728b)
Start importing Assets/Photon/PhotonUnityNetworking/Demos/DemoSlotRacer/Kenney Assets/Stylized city/Materials/22 - Default.mat using Guid(86080a783905b5740ad2b81f63a2c650) Importer(815301076,1909f56bfc062723c751e8b465ee728b)  -> (artifact id: '34c53f0c6635faddecd030d47ee0f536') in 0.009906 seconds 
  Import took 0.013443 seconds .

========================================================================
Received Import Request.
  Time since last request: 0.000142 seconds.
  path: Assets/Photon/PhotonUnityNetworking/Demos/DemoSlotRacer/Kenney Assets/Racing Kit/Models/Materials/bark.mat
  artifactKey: Guid(5b3826dd21e1d2b4a947c774023d1db3) Importer(815301076,1909f56bfc062723c751e8b465ee728b)
Start importing Assets/Photon/PhotonUnityNetworking/Demos/DemoSlotRacer/Kenney Assets/Racing Kit/Models/Materials/bark.mat using Guid(5b3826dd21e1d2b4a947c774023d1db3) Importer(815301076,1909f56bfc062723c751e8b465ee728b)  -> (artifact id: 'f62fd0bd969a7dd260beceefe3426fb4') in 0.009961 seconds 
  Import took 0.013918 seconds .

========================================================================
Received Import Request.
  Time since last request: 0.000208 seconds.
  path: Assets/Materials/Button/Base/base.mat
  artifactKey: Guid(a5b458a47d6544f40bce33324797601d) Importer(815301076,1909f56bfc062723c751e8b465ee728b)
Start importing Assets/Materials/Button/Base/base.mat using Guid(a5b458a47d6544f40bce33324797601d) Importer(815301076,1909f56bfc062723c751e8b465ee728b)  -> (artifact id: '34f3b8fc981a20bcce7ac856d692c2b0') in 0.014548 seconds 
  Import took 0.018577 seconds .

========================================================================
Received Import Request.
  Time since last request: 2.554553 seconds.
  path: Assets/Materials/FloppyDisk/Floppy.mat
  artifactKey: Guid(ef3df10072aab8d45872beeed9d1653e) Importer(815301076,1909f56bfc062723c751e8b465ee728b)
Start importing Assets/Materials/FloppyDisk/Floppy.mat using Guid(ef3df10072aab8d45872beeed9d1653e) Importer(815301076,1909f56bfc062723c751e8b465ee728b)  -> (artifact id: 'e0768bb8c56b2b209d89088bc35d1af1') in 0.015940 seconds 
  Import took 0.019517 seconds .

========================================================================
Received Import Request.
  Time since last request: 4.611040 seconds.
  path: Assets/Prefabs/floppydisk.fbx
  artifactKey: Guid(4567cf61edb265a43ab63fba3b8a4728) Importer(815301076,1909f56bfc062723c751e8b465ee728b)
Start importing Assets/Prefabs/floppydisk.fbx using Guid(4567cf61edb265a43ab63fba3b8a4728) Importer(815301076,1909f56bfc062723c751e8b465ee728b)  -> (artifact id: '12b8a0c1cd4cdad86ca2e3284c5ec55b') in 0.034212 seconds 
  Import took 0.037514 seconds .

========================================================================
Received Import Request.
  Time since last request: 15.333890 seconds.
  path: Assets/Prefabs/fedora.fbx
  artifactKey: Guid(39e176c8b2260ac47b24d5f10e40b4a2) Importer(815301076,1909f56bfc062723c751e8b465ee728b)
Start importing Assets/Prefabs/fedora.fbx using Guid(39e176c8b2260ac47b24d5f10e40b4a2) Importer(815301076,1909f56bfc062723c751e8b465ee728b)  -> (artifact id: 'b1f8cef6cc93405d7113f39f70171dc4') in 0.022877 seconds 
  Import took 0.026403 seconds .

========================================================================
Received Import Request.
  Time since last request: 3.986110 seconds.
  path: Assets/Materials/Record/Record.mat
  artifactKey: Guid(54d2391b278455049a489eddea4641bc) Importer(815301076,1909f56bfc062723c751e8b465ee728b)
Start importing Assets/Materials/Record/Record.mat using Guid(54d2391b278455049a489eddea4641bc) Importer(815301076,1909f56bfc062723c751e8b465ee728b)  -> (artifact id: 'a0a47a09880ff1552769d4c591a9cbec') in 0.176782 seconds 
  Import took 0.180367 seconds .

========================================================================
Received Import Request.
  Time since last request: 2.722684 seconds.
  path: Assets/Prefabs/record.fbx
  artifactKey: Guid(19d0cf42502fd9344bf516fe40e9c519) Importer(815301076,1909f56bfc062723c751e8b465ee728b)
Start importing Assets/Prefabs/record.fbx using Guid(19d0cf42502fd9344bf516fe40e9c519) Importer(815301076,1909f56bfc062723c751e8b465ee728b)  -> (artifact id: '1cbe6f4bcbde0a6745a57f7744ff4603') in 0.027626 seconds 
  Import took 0.031318 seconds .

========================================================================
Received Import Request.
  Time since last request: 3.672070 seconds.
  path: Assets/Materials/Trumpet/Trumpet.mat
  artifactKey: Guid(69cf0409bb47a0545878eae62501888a) Importer(815301076,1909f56bfc062723c751e8b465ee728b)
Start importing Assets/Materials/Trumpet/Trumpet.mat using Guid(69cf0409bb47a0545878eae62501888a) Importer(815301076,1909f56bfc062723c751e8b465ee728b)  -> (artifact id: '5ca37dd98ec3558f3b0ad1ffcef68a63') in 0.014129 seconds 
  Import took 0.017651 seconds .

========================================================================
Received Import Request.
  Time since last request: 3.919637 seconds.
  path: Assets/Prefabs/trumpet.fbx
  artifactKey: Guid(1c7800c553676064ba53781a6ab9f050) Importer(815301076,1909f56bfc062723c751e8b465ee728b)
Start importing Assets/Prefabs/trumpet.fbx using Guid(1c7800c553676064ba53781a6ab9f050) Importer(815301076,1909f56bfc062723c751e8b465ee728b)  -> (artifact id: '3b9fcc5e2cff4339fb82ba40f66f742a') in 0.022505 seconds 
  Import took 0.026009 seconds .

