Using pre-set license
Built from '2020.3/staging' branch; Version is '2020.3.17f1 (a4537701e4ab) revision 10769271'; Using compiler version '192528614'; Build Type 'Release'
OS: 'Windows 10 Home; OS build 19044.1466; Version 2009; 64bit' Language: 'en' Physical Memory: 16267 MB
BatchMode: 1, IsHumanControllingUs: 0, StartBugReporterOnCrash: 0, Is64bit: 1, IsPro: 0

COMMAND LINE ARGUMENTS:
D:\coding stuffs\UNITY\2020.3.17f1\Editor\Unity.exe
-adb2
-batchMode
-noUpm
-name
AssetImportWorker1
-projectPath
E:/GIMM/480/Client Projects/Quests/GIMMStudioArcade/GimmQuests/gimmStudio
-logFile
Logs/AssetImportWorker1.log
-srvPort
59895
Successfully changed project path to: E:/GIMM/480/Client Projects/Quests/GIMMStudioArcade/GimmQuests/gimmStudio
E:/GIMM/480/Client Projects/Quests/GIMMStudioArcade/GimmQuests/gimmStudio
Using Asset Import Pipeline V2.
Refreshing native plugins compatible for Editor in 157.25 ms, found 7 plugins.
Preloading 0 native plugins for Editor in 0.00 ms.
Initialize engine version: 2020.3.17f1 (a4537701e4ab)
[Subsystems] Discovering subsystems at path D:/coding stuffs/UNITY/2020.3.17f1/Editor/Data/Resources/UnitySubsystems
[Subsystems] Discovering subsystems at path E:/GIMM/480/Client Projects/Quests/GIMMStudioArcade/GimmQuests/gimmStudio/Assets
GfxDevice: creating device client; threaded=0
Direct3D:
    Version:  Direct3D 11.0 [level 11.1]
    Renderer: NVIDIA GeForce GTX 1050 (ID=0x1c8d)
    Vendor:   
    VRAM:     4019 MB
    Driver:   30.0.14.7168
Initialize mono
Mono path[0] = 'D:/coding stuffs/UNITY/2020.3.17f1/Editor/Data/Managed'
Mono path[1] = 'D:/coding stuffs/UNITY/2020.3.17f1/Editor/Data/MonoBleedingEdge/lib/mono/unityjit'
Mono config path = 'D:/coding stuffs/UNITY/2020.3.17f1/Editor/Data/MonoBleedingEdge/etc'
Using monoOptions --debugger-agent=transport=dt_socket,embedding=1,server=y,suspend=n,address=127.0.0.1:56304
Begin MonoManager ReloadAssembly
Registering precompiled unity dll's ...
Register platform support module: D:/coding stuffs/UNITY/2020.3.17f1/Editor/Data/PlaybackEngines/WindowsStandaloneSupport/UnityEditor.WindowsStandalone.Extensions.dll
Registered in 0.001237 seconds.
Native extension for WindowsStandalone target not found
Refreshing native plugins compatible for Editor in 72.84 ms, found 7 plugins.
Preloading 0 native plugins for Editor in 0.00 ms.
Mono: successfully reloaded assembly
- Completed reload, in  9.815 seconds
Domain Reload Profiling:
	ReloadAssembly (9815ms)
		BeginReloadAssembly (63ms)
			ExecutionOrderSort (0ms)
			DisableScriptedObjects (0ms)
			BackupInstance (0ms)
			ReleaseScriptingObjects (0ms)
			CreateAndSetChildDomain (1ms)
		EndReloadAssembly (805ms)
			LoadAssemblies (62ms)
			RebuildTransferFunctionScriptingTraits (0ms)
			SetupTypeCache (383ms)
			ReleaseScriptCaches (0ms)
			RebuildScriptCaches (37ms)
			SetupLoadedEditorAssemblies (298ms)
				LogAssemblyErrors (0ms)
				InitializePlatformSupportModulesInManaged (4ms)
				SetLoadedEditorAssemblies (0ms)
				RefreshPlugins (73ms)
				BeforeProcessingInitializeOnLoad (28ms)
				ProcessInitializeOnLoadAttributes (122ms)
				ProcessInitializeOnLoadMethodAttributes (70ms)
				AfterProcessingInitializeOnLoad (0ms)
				EditorAssembliesLoaded (0ms)
			ExecutionOrderSort2 (0ms)
			AwakeInstancesAfterBackupRestoration (0ms)
Platform modules already initialized, skipping
Registering precompiled user dll's ...
Registered in 0.009654 seconds.
Begin MonoManager ReloadAssembly
Native extension for WindowsStandalone target not found
Refreshing native plugins compatible for Editor in 59.42 ms, found 7 plugins.
Preloading 0 native plugins for Editor in 0.00 ms.
Mono: successfully reloaded assembly
- Completed reload, in  1.814 seconds
Domain Reload Profiling:
	ReloadAssembly (1815ms)
		BeginReloadAssembly (169ms)
			ExecutionOrderSort (0ms)
			DisableScriptedObjects (6ms)
			BackupInstance (0ms)
			ReleaseScriptingObjects (0ms)
			CreateAndSetChildDomain (22ms)
		EndReloadAssembly (1579ms)
			LoadAssemblies (108ms)
			RebuildTransferFunctionScriptingTraits (0ms)
			SetupTypeCache (383ms)
			ReleaseScriptCaches (1ms)
			RebuildScriptCaches (66ms)
			SetupLoadedEditorAssemblies (710ms)
				LogAssemblyErrors (0ms)
				InitializePlatformSupportModulesInManaged (5ms)
				SetLoadedEditorAssemblies (0ms)
				RefreshPlugins (60ms)
				BeforeProcessingInitializeOnLoad (108ms)
				ProcessInitializeOnLoadAttributes (527ms)
				ProcessInitializeOnLoadMethodAttributes (7ms)
				AfterProcessingInitializeOnLoad (3ms)
				EditorAssembliesLoaded (0ms)
			ExecutionOrderSort2 (0ms)
			AwakeInstancesAfterBackupRestoration (8ms)
Platform modules already initialized, skipping
========================================================================
Worker process is ready to serve import requests
Launched and connected shader compiler UnityShaderCompiler.exe after 0.25 seconds
Refreshing native plugins compatible for Editor in 0.72 ms, found 7 plugins.
Preloading 0 native plugins for Editor in 0.00 ms.
Unloading 2402 Unused Serialized files (Serialized files now loaded: 0)
System memory in use before: 103.5 MB.
System memory in use after: 103.5 MB.

Unloading 45 unused Assets to reduce memory usage. Loaded Objects now: 2876.
Total: 4.947400 ms (FindLiveObjects: 0.645700 ms CreateObjectMapping: 0.143800 ms MarkObjects: 4.018900 ms  DeleteObjects: 0.137100 ms)

AssetImportParameters requested are different than current active one (requested -> active):
  custom:framework-win-MediaFoundation: 216162199b28c13a410421893ffa2e32 -> 
  custom:video-decoder-ogg-theora: a1e56fd34408186e4bbccfd4996cb3dc -> 
  custom:container-muxer-webm: aa71ff27fc2769a1b78a27578f13a17b -> 
  custom:container-demuxer-webm: 4f35f7cbe854078d1ac9338744f61a02 -> 
  custom:container-demuxer-ogg: 62fdf1f143b41e24485cea50d1cbac27 -> 
  custom:video-encoder-webm-vp8: eb34c28f22e8b96e1ab97ce403110664 -> 
  custom:video-decoder-webm-vp8: 9c59270c3fd7afecdb556c50c9e8de78 -> 
  custom:audio-decoder-ogg-vorbis: bf7c407c2cedff20999df2af8eb42d56 -> 
  custom:audio-encoder-webm-vorbis: bf7c407c2cedff20999df2af8eb42d56 -> 
========================================================================
Received Import Request.
  path: Assets/Audio
  artifactKey: Guid(f7ee4a61b9b0ab24683b0604c5fe4a8c) Importer(815301076,1909f56bfc062723c751e8b465ee728b)
Start importing Assets/Audio using Guid(f7ee4a61b9b0ab24683b0604c5fe4a8c) Importer(815301076,1909f56bfc062723c751e8b465ee728b)  -> (artifact id: 'c0d19a06ac5dc9f6b8a54c640d0449ea') in 0.011446 seconds 
  Import took 0.060659 seconds .

========================================================================
Received Import Request.
  Time since last request: 0.577498 seconds.
  path: Assets/Audio/immigrantA.m4a
  artifactKey: Guid(f4464db2ffa5bcf42a02b7945d226010) Importer(815301076,1909f56bfc062723c751e8b465ee728b)
Start importing Assets/Audio/immigrantA.m4a using Guid(f4464db2ffa5bcf42a02b7945d226010) Importer(815301076,1909f56bfc062723c751e8b465ee728b)  -> (artifact id: 'e5e66f8af6b495c274678e52a50b22d2') in 0.119416 seconds 
  Import took 0.135000 seconds .

========================================================================
Received Import Request.
  Time since last request: 73.131763 seconds.
  path: Assets/Audio/gimmeThreeA.wav
  artifactKey: Guid(7e0cd5f9c71534243b80e6d438afca47) Importer(815301076,1909f56bfc062723c751e8b465ee728b)
Start importing Assets/Audio/gimmeThreeA.wav using Guid(7e0cd5f9c71534243b80e6d438afca47) Importer(815301076,1909f56bfc062723c751e8b465ee728b)  -> (artifact id: '9a05deb09d386c446dea935b1dd0c2ae') in 0.011335 seconds 
  Import took 0.015383 seconds .

========================================================================
Received Import Request.
  Time since last request: 0.031074 seconds.
  path: Assets/Audio/gimmeThreeA.wav
  artifactKey: Guid(7e0cd5f9c71534243b80e6d438afca47) Importer(815301076,1909f56bfc062723c751e8b465ee728b)
Start importing Assets/Audio/gimmeThreeA.wav using Guid(7e0cd5f9c71534243b80e6d438afca47) Importer(815301076,1909f56bfc062723c751e8b465ee728b)  -> (artifact id: '9a05deb09d386c446dea935b1dd0c2ae') in 0.009724 seconds 
  Import took 0.015629 seconds .

========================================================================
Received Import Request.
  Time since last request: 1.279567 seconds.
  path: Assets/Audio/gimmeThreeA.m4a
  artifactKey: Guid(752f5ee29f8abe54cbeeabcb521ba04d) Importer(815301076,1909f56bfc062723c751e8b465ee728b)
Start importing Assets/Audio/gimmeThreeA.m4a using Guid(752f5ee29f8abe54cbeeabcb521ba04d) Importer(815301076,1909f56bfc062723c751e8b465ee728b)  -> (artifact id: '04b79ae9acb40f1a83fb7c21b2ccc943') in 0.006681 seconds 
  Import took 0.058020 seconds .

========================================================================
Received Import Request.
  Time since last request: 1.309494 seconds.
  path: Assets/Audio/gimmethreeQ.m4a
  artifactKey: Guid(bd2eff8a0dd2f7944905627e5ccffa7c) Importer(815301076,1909f56bfc062723c751e8b465ee728b)
Start importing Assets/Audio/gimmethreeQ.m4a using Guid(bd2eff8a0dd2f7944905627e5ccffa7c) Importer(815301076,1909f56bfc062723c751e8b465ee728b)  -> (artifact id: '2cb6f627d6f1744f1ed35c77d2f19b66') in 0.010896 seconds 
  Import took 0.016862 seconds .

========================================================================
Received Import Request.
  Time since last request: 10.561790 seconds.
  path: Assets/Audio/immigrantQ.m4a
  artifactKey: Guid(b985ce464bb06974db1a49790de64907) Importer(815301076,1909f56bfc062723c751e8b465ee728b)
Start importing Assets/Audio/immigrantQ.m4a using Guid(b985ce464bb06974db1a49790de64907) Importer(815301076,1909f56bfc062723c751e8b465ee728b)  -> (artifact id: 'edf86dde179fcd884cb6b715ab5f7180') in 0.010723 seconds 
  Import took 0.057285 seconds .

========================================================================
Received Import Request.
  Time since last request: 77.027810 seconds.
  path: Assets/Audio/gimmethreeQ.wav
  artifactKey: Guid(c3a1763cd88406a4c9ec3be2b3dae79f) Importer(815301076,1909f56bfc062723c751e8b465ee728b)
Start importing Assets/Audio/gimmethreeQ.wav using Guid(c3a1763cd88406a4c9ec3be2b3dae79f) Importer(815301076,1909f56bfc062723c751e8b465ee728b)  -> (artifact id: '667f78a29e329fac8fa4a665e2c0f337') in 0.010861 seconds 
  Import took 0.039843 seconds .

========================================================================
Received Import Request.
  Time since last request: 9.827605 seconds.
  path: Assets/Audio/gimmethreeQ.wav
  artifactKey: Guid(c3a1763cd88406a4c9ec3be2b3dae79f) Importer(815301076,1909f56bfc062723c751e8b465ee728b)
Start importing Assets/Audio/gimmethreeQ.wav using Guid(c3a1763cd88406a4c9ec3be2b3dae79f) Importer(815301076,1909f56bfc062723c751e8b465ee728b)  -> (artifact id: 'ec6248b92712ec7346f6fc3900b817ec') in 0.009122 seconds 
  Import took 0.036778 seconds .

========================================================================
Received Import Request.
  Time since last request: 64.474075 seconds.
  path: Assets/Audio/takeQ 1.wav
  artifactKey: Guid(1652f51c66058c54f9d0ed3395cc3e6d) Importer(815301076,1909f56bfc062723c751e8b465ee728b)
Start importing Assets/Audio/takeQ 1.wav using Guid(1652f51c66058c54f9d0ed3395cc3e6d) Importer(815301076,1909f56bfc062723c751e8b465ee728b)  -> (artifact id: '89fd18bbedd3a481c8819dca86401679') in 0.012116 seconds 
  Import took 0.019020 seconds .

========================================================================
Received Import Request.
  Time since last request: 0.000412 seconds.
  path: Assets/Audio/takeQ 1.wav
  artifactKey: Guid(1652f51c66058c54f9d0ed3395cc3e6d) Importer(815301076,1909f56bfc062723c751e8b465ee728b)
Start importing Assets/Audio/takeQ 1.wav using Guid(1652f51c66058c54f9d0ed3395cc3e6d) Importer(815301076,1909f56bfc062723c751e8b465ee728b)  -> (artifact id: '89fd18bbedd3a481c8819dca86401679') in 0.007485 seconds 
  Import took 0.011914 seconds .

========================================================================
Received Import Request.
  Time since last request: 3.283346 seconds.
  path: Assets/Audio/gimmeThreeA 1.wav
  artifactKey: Guid(b4e92291143d3574fa66973afbc37b61) Importer(815301076,1909f56bfc062723c751e8b465ee728b)
Start importing Assets/Audio/gimmeThreeA 1.wav using Guid(b4e92291143d3574fa66973afbc37b61) Importer(815301076,1909f56bfc062723c751e8b465ee728b)  -> (artifact id: '7201b2ea4e00d26f549869f43efa19ca') in 0.012131 seconds 
  Import took 0.055273 seconds .

========================================================================
Received Import Request.
  Time since last request: 0.563728 seconds.
  path: Assets/Audio/gimmethreeQ 1.wav
  artifactKey: Guid(eed9cda964b5b0e4a9e277f21c58022e) Importer(815301076,1909f56bfc062723c751e8b465ee728b)
Start importing Assets/Audio/gimmethreeQ 1.wav using Guid(eed9cda964b5b0e4a9e277f21c58022e) Importer(815301076,1909f56bfc062723c751e8b465ee728b)  -> (artifact id: '556217411c46cd98604c7e81f726e952') in 0.011693 seconds 
  Import took 0.066496 seconds .

AssetImportWorkerClient::OnTransportError - code=2 error=End of file
